2026-05-28T11:23:17.014Z INFO Is remote: false
2026-05-28T11:23:17.016Z INFO Starting Local. Installation path: c:\Users\Aman Singh\.vscode\MedVault1
2026-05-28T11:23:17.018Z INFO [MainProvider] Creating new MainProvider instance...
2026-05-28T11:23:17.020Z INFO [TabsManager] Code view listener set up at initialization
2026-05-28T11:23:17.022Z INFO Installation path exists: c:\Users\Aman Singh\.vscode\MedVault1
2026-05-28T11:23:17.024Z INFO Initializing database with URL: file:c:\Users\Aman Singh\.vscode\MedVault1\pythagora-core\data\database\pythagora.db
2026-05-28T11:23:17.031Z INFO Database file exists, skipping prisma generate/push for faster startup
2026-05-28T11:23:17.033Z INFO Database initialized successfully
2026-05-28T11:23:17.035Z INFO [Migration] Checking for database migration...
2026-05-28T11:23:17.584Z INFO [Migration] No migration needed
2026-05-28T11:24:23.171Z INFO Closing entire Pythagora extension...
2026-05-28T11:24:23.219Z ERROR Error closing extension
Error: Canceled
Stack: Canceled: Canceled
    at new YI (file:///c:/Users/Aman%20Singh/AppData/Local/Programs/Microsoft%20VS%20Code/f6cfa2ea24/resources/app/out/vs/workbench/api/node/extensionHostProcess.js:407:151655)
    at i._remoteCall (file:///c:/Users/Aman%20Singh/AppData/Local/Programs/Microsoft%20VS%20Code/f6cfa2ea24/resources/app/out/vs/workbench/api/node/extensionHostProcess.js:407:157707)
    at Proxy.r.<computed>.s.charCodeAt.r.<computed> (file:///c:/Users/Aman%20Singh/AppData/Local/Programs/Microsoft%20VS%20Code/f6cfa2ea24/resources/app/out/vs/workbench/api/node/extensionHostProcess.js:407:154502)
    at Sg._doExecuteCommand (file:///c:/Users/Aman%20Singh/AppData/Local/Programs/Microsoft%20VS%20Code/f6cfa2ea24/resources/app/out/vs/workbench/api/node/extensionHostProcess.js:502:48252)
    at Sg.executeCommand (file:///c:/Users/Aman%20Singh/AppData/Local/Programs/Microsoft%20VS%20Code/f6cfa2ea24/resources/app/out/vs/workbench/api/node/extensionHostProcess.js:502:47699)
    at Object.executeCommand (file:///c:/Users/Aman%20Singh/AppData/Local/Programs/Microsoft%20VS%20Code/f6cfa2ea24/resources/app/out/vs/workbench/api/node/extensionHostProcess.js:641:136543)
    at closeEntirePythagoraExtension (c:\Users\Aman Singh\.vscode\extensions\pythagoratechnologies.pythagora-vs-code-2.6.19\out\extension.js:542:31)
    at Object.deactivate (c:\Users\Aman Singh\.vscode\extensions\pythagoratechnologies.pythagora-vs-code-2.6.19\out\extension.js:409:15)
    at hP._deactivate (file:///c:/Users/Aman%20Singh/AppData/Local/Programs/Microsoft%20VS%20Code/f6cfa2ea24/resources/app/out/vs/workbench/api/node/extensionHostProcess.js:506:14483)
    at file:///c:/Users/Aman%20Singh/AppData/Local/Programs/Microsoft%20VS%20Code/f6cfa2ea24/resources/app/out/vs/workbench/api/node/extensionHostProcess.js:506:12010
    at Array.map (<anonymous>)
    at hP._deactivateAll (file:///c:/Users/Aman%20Singh/AppData/Local/Programs/Microsoft%20VS%20Code/f6cfa2ea24/resources/app/out/vs/workbench/api/node/extensionHostProcess.js:506:11998)
    at hP.terminate (file:///c:/Users/Aman%20Singh/AppData/Local/Programs/Microsoft%20VS%20Code/f6cfa2ea24/resources/app/out/vs/workbench/api/node/extensionHostProcess.js:506:12349)
    at i.terminate (file:///c:/Users/Aman%20Singh/AppData/Local/Programs/Microsoft%20VS%20Code/f6cfa2ea24/resources/app/out/vs/workbench/api/node/extensionHostProcess.js:508:1072)
    at Gs (file:///c:/Users/Aman%20Singh/AppData/Local/Programs/Microsoft%20VS%20Code/f6cfa2ea24/resources/app/out/vs/workbench/api/node/extensionHostProcess.js:805:11700)
    at cp.value (file:///c:/Users/Aman%20Singh/AppData/Local/Programs/Microsoft%20VS%20Code/f6cfa2ea24/resources/app/out/vs/workbench/api/node/extensionHostProcess.js:805:9847)
    at E._deliver (file:///c:/Users/Aman%20Singh/AppData/Local/Programs/Microsoft%20VS%20Code/f6cfa2ea24/resources/app/out/vs/workbench/api/node/extensionHostProcess.js:403:3244)
    at E.fire (file:///c:/Users/Aman%20Singh/AppData/Local/Programs/Microsoft%20VS%20Code/f6cfa2ea24/resources/app/out/vs/workbench/api/node/extensionHostProcess.js:403:3562)
    at ss.fire (file:///c:/Users/Aman%20Singh/AppData/Local/Programs/Microsoft%20VS%20Code/f6cfa2ea24/resources/app/out/vs/workbench/api/node/extensionHostProcess.js:405:8437)
    at MessagePortMain.<anonymous> (file:///c:/Users/Aman%20Singh/AppData/Local/Programs/Microsoft%20VS%20Code/f6cfa2ea24/resources/app/out/vs/workbench/api/node/extensionHostProcess.js:805:8082)
    at MessagePortMain.emit (node:events:519:28)
    at MessagePortMain.emit (node:domain:489:12)
    at Object.MessagePortMain._internalPort.emit (node:electron/js2c/utility_init:2:2959)
    at Object.topLevelDomainCallback (node:domain:161:15)
    at Object.callbackTrampoline (node:internal/async_hooks:128:24)
Extra context: {
  "message": "Canceled"
}
2026-05-28T11:27:12.127Z INFO Is remote: false
2026-05-28T11:27:12.129Z INFO Starting Local. Installation path: c:\Users\Aman Singh\.vscode\MedVault1
2026-05-28T11:27:12.131Z INFO [MainProvider] Creating new MainProvider instance...
2026-05-28T11:27:12.134Z INFO [TabsManager] Code view listener set up at initialization
2026-05-28T11:27:12.138Z INFO Installation path exists: c:\Users\Aman Singh\.vscode\MedVault1
2026-05-28T11:27:12.140Z INFO Initializing database with URL: file:c:\Users\Aman Singh\.vscode\MedVault1\pythagora-core\data\database\pythagora.db
2026-05-28T11:27:12.150Z INFO Database file exists, skipping prisma generate/push for faster startup
2026-05-28T11:27:12.151Z INFO Database initialized successfully
2026-05-28T11:27:12.154Z INFO [Migration] Checking for database migration...
2026-05-28T11:27:12.799Z INFO [Migration] No migration needed
2026-05-28T12:13:49.435Z INFO [TabsManager] First file opened, triggering split view
2026-05-28T12:13:49.438Z INFO [MainProvider] First file opened, creating split view
2026-05-28T12:14:04.108Z INFO [TabsManager] First file opened, triggering split view
2026-05-28T12:14:04.109Z INFO [MainProvider] First file opened, creating split view
2026-05-28T12:14:27.400Z INFO [TabsManager] First file opened, triggering split view
2026-05-28T12:14:27.401Z INFO [MainProvider] First file opened, creating split view
